Started at Thu Apr 29 10:08:20 UTC 2021
Processing DATE
Offering DATE to Project Build Discarder
Processing Hello-JAVA
Offering Hello-JAVA to Project Build Discarder
Processing Hello_World
Offering Hello_World to Project Build Discarder
Processing IP_ADDR
Offering IP_ADDR to Project Build Discarder
Processing Maven-Iwaq
Offering Maven-Iwaq to Project Build Discarder
Processing Maven-Sample
Offering Maven-Sample to Project Build Discarder
Finished at Thu Apr 29 10:08:20 UTC 2021. 8ms
Started at Thu Apr 29 11:08:20 UTC 2021
Processing DATE
Offering DATE to Project Build Discarder
Processing Hello-JAVA
Offering Hello-JAVA to Project Build Discarder
Processing Hello_World
Offering Hello_World to Project Build Discarder
Processing IP_ADDR
Offering IP_ADDR to Project Build Discarder
Processing Maven-Iwaq
Offering Maven-Iwaq to Project Build Discarder
Processing Maven-Sample
Offering Maven-Sample to Project Build Discarder
Finished at Thu Apr 29 11:08:20 UTC 2021. 2ms
